app/build/outputs/logs/manifest-merger-debug-report.txt
-- Merging decision tree log ---
manifest
ADDED from AndroidManifest.xml:2:1
	xmlns:android
		ADDED from AndroidManifest.xml:2:11
	package
		ADDED from AndroidManifest.xml:3:5
		INJECTED from AndroidManifest.xml:0:0
		INJECTED from AndroidManifest.xml:0:0
	android:versionName
		ADDED from AndroidManifest.xml:5:5
	android:versionCode
		ADDED from AndroidManifest.xml:4:5
		INJECTED from AndroidManifest.xml:0:0
		INJECTED from AndroidManifest.xml:0:0
uses-permission#android.permission.GET_ACCOUNTS
ADDED from AndroidManifest.xml:7:5
	android:name
		ADDED from AndroidManifest.xml:7:22
uses-permission#android.permission.WAKE_LOCK
ADDED from AndroidManifest.xml:8:5
MERGED from com.google.android.gms:play-services-measurement:8.4.0:24:5
	android:name
		ADDED from AndroidManifest.xml:8:22
permission#com.tieyouin.permission.C2D_MESSAGE
ADDED from AndroidManifest.xml:9:5
	android:protectionLevel
		ADDED from AndroidManifest.xml:11:9
	android:name
		ADDED from AndroidManifest.xml:10:9
uses-permission#com.tieyouin.permission.C2D_MESSAGE
ADDED from AndroidManifest.xml:13:5
	android:name
		ADDED from AndroidManifest.xml:13:22
uses-permission#com.google.android.c2dm.permission.RECEIVE
ADDED from AndroidManifest.xml:14:5
MERGED from com.google.android.gms:play-services-gcm:8.4.0:21:5
	android:name
		ADDED from AndroidManifest.xml:14:22
uses-permission#android.permission.INTERNET
ADDED from AndroidManifest.xml:16:5
MERGED from com.google.android.gms:play-services-gcm:8.4.0:22:5
MERGED from com.google.android.gms:play-services-measurement:8.4.0:21:5
	android:name
		ADDED from AndroidManifest.xml:16:22
uses-permission#android.permission.ACCESS_NETWORK_STATE
ADDED from AndroidManifest.xml:17:5
MERGED from com.google.android.gms:play-services-measurement:8.4.0:22:5
	android:name
		ADDED from AndroidManifest.xml:17:22
uses-permission#android.permission.WRITE_EXTERNAL_STORAGE
ADDED from AndroidManifest.xml:19:5
	android:name
		ADDED from AndroidManifest.xml:19:22
uses-permission#android.permission.READ_PHONE_STATE
ADDED from AndroidManifest.xml:20:5
	android:name
		ADDED from AndroidManifest.xml:20:22
uses-permission#android.permission.READ_EXTERNAL_STORAGE
ADDED from AndroidManifest.xml:21:5
	android:name
		ADDED from AndroidManifest.xml:21:22
uses-permission#android.permission.CAMERA
ADDED from AndroidManifest.xml:23:5
	android:name
		ADDED from AndroidManifest.xml:23:22
uses-permission#android.permission.SET_DEBUG_APP
ADDED from AndroidManifest.xml:24:5
	android:name
		ADDED from AndroidManifest.xml:24:22
uses-permission#android.permission.ACCESS_COARSE_LOCATION
ADDED from AndroidManifest.xml:26:5
	android:name
		ADDED from AndroidManifest.xml:26:22
uses-permission#android.permission.ACCESS_FINE_LOCATION
ADDED from AndroidManifest.xml:27:5
	android:name
		ADDED from AndroidManifest.xml:27:22
uses-permission#android.permission.ACCESS_WIFI_STATE
ADDED from AndroidManifest.xml:29:5
	android:name
		ADDED from AndroidManifest.xml:29:22
supports-screens
ADDED from AndroidManifest.xml:31:5
	android:resizeable
		ADDED from AndroidManifest.xml:31:23
	android:largeScreens
		ADDED from AndroidManifest.xml:34:9
	android:anyDensity
		ADDED from AndroidManifest.xml:36:9
	android:normalScreens
		ADDED from AndroidManifest.xml:33:9
	android:xlargeScreens
		ADDED from AndroidManifest.xml:35:9
	android:smallScreens
		ADDED from AndroidManifest.xml:32:9
application
ADDED from AndroidManifest.xml:38:5
MERGED from com.android.support:support-v4:23.0.1:22:5
MERGED from de.hdodenhof:circleimageview:2.0.0:9:5
MERGED from com.facebook.android:facebook-android-sdk:4.8.2:28:5
MERGED from com.android.support:support-v4:23.0.1:22:5
MERGED from com.google.android.gms:play-services-gcm:8.4.0:24:5
MERGED from com.google.android.gms:play-services-basement:8.4.0:20:5
MERGED from com.android.support:support-v4:23.0.1:22:5
MERGED from com.google.android.gms:play-services-measurement:8.4.0:26:5
MERGED from com.google.android.gms:play-services-basement:8.4.0:20:5
MERGED from com.android.support:support-v4:23.0.1:22:5
	android:label
		ADDED from AndroidManifest.xml:42:9
	android:allowBackup
		ADDED from AndroidManifest.xml:40:9
	android:icon
		ADDED from AndroidManifest.xml:41:9
	android:theme
		ADDED from AndroidManifest.xml:43:9
	android:name
		ADDED from AndroidManifest.xml:39:9
meta-data#com.facebook.sdk.ApplicationId
ADDED from AndroidManifest.xml:45:9
	android:name
		ADDED from AndroidManifest.xml:45:20
	android:value
		ADDED from AndroidManifest.xml:45:66
activity#com.tieyouin.activity.SplashScreen
ADDED from AndroidManifest.xml:48:9
	android:screenOrientation
		ADDED from AndroidManifest.xml:51:13
	android:label
		ADDED from AndroidManifest.xml:50:13
	android:theme
		ADDED from AndroidManifest.xml:52:13
	android:name
		ADDED from AndroidManifest.xml:49:13
intent-filter#android.intent.action.MAIN+android.intent.category.LAUNCHER
ADDED from AndroidManifest.xml:53:13
action#android.intent.action.MAIN
ADDED from AndroidManifest.xml:54:17
	android:name
		ADDED from AndroidManifest.xml:54:25
category#android.intent.category.LAUNCHER
ADDED from AndroidManifest.xml:56:17
	android:name
		ADDED from AndroidManifest.xml:56:27
activity#com.tieyouin.activity.MainActivity
ADDED from AndroidManifest.xml:60:9
	android:name
		ADDED from AndroidManifest.xml:60:19
activity#com.tieyouin.activity.Login
ADDED from AndroidManifest.xml:64:9
	android:windowSoftInputMode
		ADDED from AndroidManifest.xml:68:13
	android:screenOrientation
		ADDED from AndroidManifest.xml:66:13
	android:theme
		ADDED from AndroidManifest.xml:67:13
	android:name
		ADDED from AndroidManifest.xml:65:13
activity#com.tieyouin.activity.Register
ADDED from AndroidManifest.xml:72:9
	android:windowSoftInputMode
		ADDED from AndroidManifest.xml:76:13
	android:screenOrientation
		ADDED from AndroidManifest.xml:74:13
	android:theme
		ADDED from AndroidManifest.xml:75:13
	android:name
		ADDED from AndroidManifest.xml:73:13
activity#com.tieyouin.activity.Forgot
ADDED from AndroidManifest.xml:80:9
	android:windowSoftInputMode
		ADDED from AndroidManifest.xml:84:13
	android:screenOrientation
		ADDED from AndroidManifest.xml:82:13
	android:theme
		ADDED from AndroidManifest.xml:83:13
	android:name
		ADDED from AndroidManifest.xml:81:13
activity#com.facebook.FacebookActivity
ADDED from AndroidManifest.xml:88:9
	android:label
		ADDED from AndroidManifest.xml:92:13
	android:configChanges
		ADDED from AndroidManifest.xml:89:13
	android:theme
		ADDED from AndroidManifest.xml:91:13
	android:name
		ADDED from AndroidManifest.xml:88:19
receiver#com.tieyouin.gcm.GcmBroadcastReceiver
ADDED from AndroidManifest.xml:94:9
	android:permission
		ADDED from AndroidManifest.xml:96:13
	android:name
		ADDED from AndroidManifest.xml:95:13
intent-filter#com.google.android.c2dm.intent.RECEIVE+com.google.android.c2dm.intent.REGISTRATION+com.tieyouin
ADDED from AndroidManifest.xml:97:13
action#com.google.android.c2dm.intent.RECEIVE
ADDED from AndroidManifest.xml:98:17
	android:name
		ADDED from AndroidManifest.xml:98:25
action#com.google.android.c2dm.intent.REGISTRATION
ADDED from AndroidManifest.xml:99:17
	android:name
		ADDED from AndroidManifest.xml:99:25
category#com.tieyouin
ADDED from AndroidManifest.xml:100:17
	android:name
		ADDED from AndroidManifest.xml:100:27
service#com.tieyouin.gcm.GcmIntentService
ADDED from AndroidManifest.xml:104:9
	android:name
		ADDED from AndroidManifest.xml:104:18
meta-data#com.google.android.gms.version
ADDED from AndroidManifest.xml:106:9
MERGED from com.google.android.gms:play-services-basement:8.4.0:21:9
MERGED from com.google.android.gms:play-services-basement:8.4.0:21:9
	android:name
		ADDED from AndroidManifest.xml:107:13
	android:value
		ADDED from AndroidManifest.xml:108:13
service#com.tieyouin.Service.GpsInfo
ADDED from AndroidManifest.xml:111:9
	android:enabled
		ADDED from AndroidManifest.xml:112:13
	android:name
		ADDED from AndroidManifest.xml:111:18
intent-filter#android.intent.category.DEFAULT+com.imate.Service.GpsInfo
ADDED from AndroidManifest.xml:113:13
action#com.imate.Service.GpsInfo
ADDED from AndroidManifest.xml:114:17
	android:name
		ADDED from AndroidManifest.xml:114:25
category#android.intent.category.DEFAULT
ADDED from AndroidManifest.xml:115:17
	android:name
		ADDED from AndroidManifest.xml:115:27
receiver#com.tieyouin.Service.BootReceiver
ADDED from AndroidManifest.xml:120:9
	android:exported
		ADDED from AndroidManifest.xml:122:13
	android:enabled
		ADDED from AndroidManifest.xml:121:13
	android:name
		ADDED from AndroidManifest.xml:120:19
intent-filter#android.intent.action.BOOT_COMPLETED
ADDED from AndroidManifest.xml:123:13
action#android.intent.action.BOOT_COMPLETED
ADDED from AndroidManifest.xml:124:17
	android:name
		ADDED from AndroidManifest.xml:124:25
uses-sdk
INJECTED from AndroidManifest.xml:0:0 reason: use-sdk injection requested
MERGED from com.android.support:support-v4:23.0.1:20:5
MERGED from de.hdodenhof:circleimageview:2.0.0:5:5
MERGED from com.facebook.android:facebook-android-sdk:4.8.2:24:5
MERGED from com.android.support:support-v4:23.0.1:20:5
MERGED from com.android.support:multidex:1.0.1:18:5
MERGED from com.google.android.gms:play-services-gcm:8.4.0:18:5
MERGED from com.google.android.gms:play-services-base:8.4.0:18:5
MERGED from com.google.android.gms:play-services-basement:8.4.0:18:5
MERGED from com.android.support:support-v4:23.0.1:20:5
MERGED from com.google.android.gms:play-services-measurement:8.4.0:18:5
MERGED from com.google.android.gms:play-services-basement:8.4.0:18:5
MERGED from com.android.support:support-v4:23.0.1:20:5
MERGED from com.mikepenz:actionitembadge:3.2.4:8:5
MERGED from com.mikepenz:iconics-core:2.5.10:8:5
MERGED from com.mikepenz:fontawesome-typeface:4.5.0.1:8:5
	android:targetSdkVersion
		INJECTED from AndroidManifest.xml:0:0
		INJECTED from AndroidManifest.xml:0:0
	android:minSdkVersion
		INJECTED from AndroidManifest.xml:0:0
		INJECTED from AndroidManifest.xml:0:0
provider#com.google.android.gms.measurement.AppMeasurementContentProvider
ADDED from com.google.android.gms:play-services-measurement:8.4.0:28:7
	android:exported
		ADDED from com.google.android.gms:play-services-measurement:8.4.0:31:11
	android:authorities
		ADDED from com.google.android.gms:play-services-measurement:8.4.0:29:11
	android:name
		ADDED from com.google.android.gms:play-services-measurement:8.4.0:30:11
receiver#com.google.android.gms.measurement.AppMeasurementReceiver
ADDED from com.google.android.gms:play-services-measurement:8.4.0:33:7
	android:enabled
		ADDED from com.google.android.gms:play-services-measurement:8.4.0:35:11
	android:name
		ADDED from com.google.android.gms:play-services-measurement:8.4.0:34:11
intent-filter#com.google.android.gms.measurement.UPLOAD
ADDED from com.google.android.gms:play-services-measurement:8.4.0:36:9
action#com.google.android.gms.measurement.UPLOAD
ADDED from com.google.android.gms:play-services-measurement:8.4.0:37:11
	android:name
		ADDED from com.google.android.gms:play-services-measurement:8.4.0:37:19
service#com.google.android.gms.measurement.AppMeasurementService
ADDED from com.google.android.gms:play-services-measurement:8.4.0:41:7
	android:exported
		ADDED from com.google.android.gms:play-services-measurement:8.4.0:44:11
	android:enabled
		ADDED from com.google.android.gms:play-services-measurement:8.4.0:43:11
	android:name
		ADDED from com.google.android.gms:play-services-measurement:8.4.0:42:11